aamsdk/build/intermediates/manifest_merge_blame_file/release/manifest-merger-blame-release-report.txt
1<?xml version="1.0" encoding="utf-8"?>
2<manifest xmlns:android="http://schemas.android.com/apk/res/android"
3    package="com.adadapted.library" >
4
5    <uses-sdk android:minSdkVersion="28" />
5-->src/androidMain/AndroidManifest.xml
6
7    <uses-permission android:name="com.google.android.gms.permission.AD_ID" />
7-->src/androidMain/AndroidManifest.xml:3:5-78
7-->src/androidMain/AndroidManifest.xml:3:22-76
8
9</manifest>